<?xml version="1.0" encoding="UTF-8"?>
<testng-results ignored="4" total="6" passed="1" failed="1" skipped="0">
  <reporter-output>
  </reporter-output>
  <suite started-at="2023-02-01T05:11:47 GMT" name="Suite" finished-at="2023-02-01T05:14:56 GMT" duration-ms="189023">
    <groups>
      <group name="It">
        <method signature="Browser.main()[pri:0, instance:scelinium_Practice.Browser@3ba9ad43]" name="main" class="scelinium_Practice.Browser"/>
        <method signature="Flifcart.main()[pri:0, instance:scelinium_Practice.Flifcart@4c9f8c13]" name="main" class="scelinium_Practice.Flifcart"/>
      </group> <!-- It -->
    </groups>
    <test started-at="2023-02-01T05:11:47 GMT" name="Test" finished-at="2023-02-01T05:14:56 GMT" duration-ms="189023">
      <class name="scelinium_Practice.Flifcart">
        <test-method signature="main()[pri:0, instance:scelinium_Practice.Flifcart@4c9f8c13]" started-at="2023-02-01T05:11:47 GMT" name="main" finished-at="2023-02-01T05:11:59 GMT" duration-ms="12002" status="PASS">
          <reporter-output>
          </reporter-output>
        </test-method> <!-- main -->
      </class> <!-- scelinium_Practice.Flifcart -->
      <class name="scelinium_Practice.Browser">
        <test-method signature="main()[pri:0, instance:scelinium_Practice.Browser@3ba9ad43]" started-at="2023-02-01T05:11:47 GMT" name="main" finished-at="2023-02-01T05:14:56 GMT" duration-ms="188955" status="FAIL">
          <exception class="org.openqa.selenium.TimeoutException">
            <message>
              <![CDATA[java.util.concurrent.TimeoutException
Build info: version: '4.7.2', revision: '4d4020c3b7'
System info: os.name: 'Windows 10', os.arch: 'amd64', os.version: '10.0', java.version: '19.0.1'
Driver info: org.openqa.selenium.edge.EdgeDriver
Command: [71bbd6a2bdcbf9d0130a76a417c098fd, sendKeysToElement {id=25fce6e0-dceb-4f83-a8e0-cefe95eb192d, value=[Ljava.lang.CharSequence;@1fb7dda6}]
Capabilities {acceptInsecureCerts: false, browserName: msedge, browserVersion: 109.0.1518.70, ms:edgeOptions: {debuggerAddress: localhost:49969}, msedge: {msedgedriverVersion: 109.0.1518.70 (f787d2c3a418..., userDataDir: C:\Users\VAMSHI~1\AppData\L...}, networkConnectionEnabled: false, pageLoadStrategy: normal, platformName: WINDOWS, proxy: Proxy(), se:cdp: ws://localhost:49969/devtoo..., se:cdpVersion: 109.0.1518.70, setWindowRect: true, strictFileInteractability: false, timeouts: {implicit: 0, pageLoad: 300000, script: 30000}, unhandledPromptBehavior: dismiss and notify, webauthn:extension:credBlob: true, webauthn:extension:largeBlob: true, webauthn:virtualAuthenticators: true}
Element: [[EdgeDriver: msedge on WINDOWS (71bbd6a2bdcbf9d0130a76a417c098fd)] -> id: twotabsearchtextbox]
Session ID: 71bbd6a2bdcbf9d0130a76a417c098fd]]>
            </message>
            <full-stacktrace>
              <![CDATA[org.openqa.selenium.TimeoutException: java.util.concurrent.TimeoutException
Build info: version: '4.7.2', revision: '4d4020c3b7'
System info: os.name: 'Windows 10', os.arch: 'amd64', os.version: '10.0', java.version: '19.0.1'
Driver info: org.openqa.selenium.edge.EdgeDriver
Command: [71bbd6a2bdcbf9d0130a76a417c098fd, sendKeysToElement {id=25fce6e0-dceb-4f83-a8e0-cefe95eb192d, value=[Ljava.lang.CharSequence;@1fb7dda6}]
Capabilities {acceptInsecureCerts: false, browserName: msedge, browserVersion: 109.0.1518.70, ms:edgeOptions: {debuggerAddress: localhost:49969}, msedge: {msedgedriverVersion: 109.0.1518.70 (f787d2c3a418..., userDataDir: C:\Users\VAMSHI~1\AppData\L...}, networkConnectionEnabled: false, pageLoadStrategy: normal, platformName: WINDOWS, proxy: Proxy(), se:cdp: ws://localhost:49969/devtoo..., se:cdpVersion: 109.0.1518.70, setWindowRect: true, strictFileInteractability: false, timeouts: {implicit: 0, pageLoad: 300000, script: 30000}, unhandledPromptBehavior: dismiss and notify, webauthn:extension:credBlob: true, webauthn:extension:largeBlob: true, webauthn:virtualAuthenticators: true}
Element: [[EdgeDriver: msedge on WINDOWS (71bbd6a2bdcbf9d0130a76a417c098fd)] -> id: twotabsearchtextbox]
Session ID: 71bbd6a2bdcbf9d0130a76a417c098fd
at org.openqa.selenium.remote.http.netty.NettyHttpHandler.makeCall(NettyHttpHandler.java:65)
at org.openqa.selenium.remote.http.AddSeleniumUserAgent.lambda$apply$0(AddSeleniumUserAgent.java:42)
at org.openqa.selenium.remote.http.Filter.lambda$andFinally$1(Filter.java:56)
at org.openqa.selenium.remote.http.netty.NettyHttpHandler.execute(NettyHttpHandler.java:49)
at org.openqa.selenium.remote.http.AddSeleniumUserAgent.lambda$apply$0(AddSeleniumUserAgent.java:42)
at org.openqa.selenium.remote.http.Filter.lambda$andFinally$1(Filter.java:56)
at org.openqa.selenium.remote.http.netty.NettyClient.execute(NettyClient.java:99)
at org.openqa.selenium.remote.HttpCommandExecutor.execute(HttpCommandExecutor.java:181)
at org.openqa.selenium.remote.service.DriverCommandExecutor.invokeExecute(DriverCommandExecutor.java:167)
at org.openqa.selenium.remote.service.DriverCommandExecutor.execute(DriverCommandExecutor.java:142)
at org.openqa.selenium.remote.RemoteWebDriver.execute(RemoteWebDriver.java:535)
at org.openqa.selenium.remote.RemoteWebElement.execute(RemoteWebElement.java:257)
at org.openqa.selenium.remote.RemoteWebElement.sendKeys(RemoteWebElement.java:113)
at scelinium_Practice.Browser.main(Browser.java:30)
at java.base/jdk.internal.reflect.DirectMethodHandleAccessor.invoke(DirectMethodHandleAccessor.java:104)
at java.base/java.lang.reflect.Method.invoke(Method.java:578)
at org.testng.internal.MethodInvocationHelper.invokeMethod(MethodInvocationHelper.java:133)
at org.testng.internal.TestInvoker.invokeMethod(TestInvoker.java:598)
at org.testng.internal.TestInvoker.invokeTestMethod(TestInvoker.java:173)
at org.testng.internal.MethodRunner.runInSequence(MethodRunner.java:46)
at org.testng.internal.TestInvoker$MethodInvocationAgent.invoke(TestInvoker.java:824)
at org.testng.internal.TestInvoker.invokeTestMethods(TestInvoker.java:146)
at org.testng.internal.TestMethodWorker.invokeTestMethods(TestMethodWorker.java:146)
at org.testng.internal.TestMethodWorker.run(TestMethodWorker.java:128)
at java.base/java.util.concurrent.ThreadPoolExecutor.runWorker(ThreadPoolExecutor.java:1144)
at java.base/java.util.concurrent.ThreadPoolExecutor$Worker.run(ThreadPoolExecutor.java:642)
at java.base/java.lang.Thread.run(Thread.java:1589)
Caused by: java.util.concurrent.TimeoutException
at java.base/java.util.concurrent.CompletableFuture.timedGet(CompletableFuture.java:1960)
at java.base/java.util.concurrent.CompletableFuture.get(CompletableFuture.java:2095)
at org.asynchttpclient.netty.NettyResponseFuture.get(NettyResponseFuture.java:206)
at org.openqa.selenium.remote.http.netty.NettyHttpHandler.makeCall(NettyHttpHandler.java:59)
... 26 more
]]>
            </full-stacktrace>
          </exception> <!-- org.openqa.selenium.TimeoutException -->
          <reporter-output>
          </reporter-output>
        </test-method> <!-- main -->
      </class> <!-- scelinium_Practice.Browser -->
    </test> <!-- Test -->
  </suite> <!-- Suite -->
</testng-results>
